Determining if the pthread_create exist failed with the following output:
Change Dir: /duckietown/catkin_ws/build/complete_image_pipeline/CMakeFiles/CMakeTmp

Run Build Command:"/usr/bin/make" "cmTC_2794e/fast"
/usr/bin/make -f CMakeFiles/cmTC_2794e.dir/build.make CMakeFiles/cmTC_2794e.dir/build
make[1]: Entering directory '/duckietown/catkin_ws/build/complete_image_pipeline/CMakeFiles/CMakeTmp'
Building C object CMakeFiles/cmTC_2794e.dir/CheckSymbolExists.c.o
/usr/bin/cc    -o CMakeFiles/cmTC_2794e.dir/CheckSymbolExists.c.o   -c /duckietown/catkin_ws/build/complete_image_pipeline/CMakeFiles/CMakeTmp/CheckSymbolExists.c
Linking C executable cmTC_2794e
/usr/bin/cmake -E cmake_link_script CMakeFiles/cmTC_2794e.dir/link.txt --verbose=1
/usr/bin/cc      -rdynamic CMakeFiles/cmTC_2794e.dir/CheckSymbolExists.c.o  -o cmTC_2794e 
CMakeFiles/cmTC_2794e.dir/CheckSymbolExists.c.o: In function `main':
CheckSymbolExists.c:(.text+0x1b): undefined reference to `pthread_create'
collect2: error: ld returned 1 exit status
CMakeFiles/cmTC_2794e.dir/build.make:97: recipe for target 'cmTC_2794e' failed
make[1]: *** [cmTC_2794e] Error 1
make[1]: Leaving directory '/duckietown/catkin_ws/build/complete_image_pipeline/CMakeFiles/CMakeTmp'
Makefile:126: recipe for target 'cmTC_2794e/fast' failed
make: *** [cmTC_2794e/fast] Error 2

File /duckietown/catkin_ws/build/complete_image_pipeline/CMakeFiles/CMakeTmp/CheckSymbolExists.c:
/* */
#include <pthread.h>

int main(int argc, char** argv)
{
  (void)argv;
#ifndef pthread_create
  return ((int*)(&pthread_create))[argc];
#else
  (void)argc;
  return 0;
#endif
}

Determining if the function pthread_create exists in the pthreads failed with the following output:
Change Dir: /duckietown/catkin_ws/build/complete_image_pipeline/CMakeFiles/CMakeTmp

Run Build Command:"/usr/bin/make" "cmTC_4a7ca/fast"
/usr/bin/make -f CMakeFiles/cmTC_4a7ca.dir/build.make CMakeFiles/cmTC_4a7ca.dir/build
make[1]: Entering directory '/duckietown/catkin_ws/build/complete_image_pipeline/CMakeFiles/CMakeTmp'
Building C object CMakeFiles/cmTC_4a7ca.dir/CheckFunctionExists.c.o
/usr/bin/cc   -DCHECK_FUNCTION_EXISTS=pthread_create   -o CMakeFiles/cmTC_4a7ca.dir/CheckFunctionExists.c.o   -c /usr/share/cmake-3.10/Modules/CheckFunctionExists.c
Linking C executable cmTC_4a7ca
/usr/bin/cmake -E cmake_link_script CMakeFiles/cmTC_4a7ca.dir/link.txt --verbose=1
/usr/bin/cc  -DCHECK_FUNCTION_EXISTS=pthread_create    -rdynamic CMakeFiles/cmTC_4a7ca.dir/CheckFunctionExists.c.o  -o cmTC_4a7ca -lpthreads 
/usr/bin/ld: cannot find -lpthreads
collect2: error: ld returned 1 exit status
CMakeFiles/cmTC_4a7ca.dir/build.make:97: recipe for target 'cmTC_4a7ca' failed
make[1]: *** [cmTC_4a7ca] Error 1
make[1]: Leaving directory '/duckietown/catkin_ws/build/complete_image_pipeline/CMakeFiles/CMakeTmp'
Makefile:126: recipe for target 'cmTC_4a7ca/fast' failed
make: *** [cmTC_4a7ca/fast] Error 2


