Determining if the pthread_create exist failed with the following output:
Change Dir: /duckietown/catkin_ws/build/line_detector/CMakeFiles/CMakeTmp

Run Build Command:"/usr/bin/make" "cmTC_417af/fast"
/usr/bin/make -f CMakeFiles/cmTC_417af.dir/build.make CMakeFiles/cmTC_417af.dir/build
make[1]: Entering directory '/duckietown/catkin_ws/build/line_detector/CMakeFiles/CMakeTmp'
Building C object CMakeFiles/cmTC_417af.dir/CheckSymbolExists.c.o
/usr/bin/cc    -o CMakeFiles/cmTC_417af.dir/CheckSymbolExists.c.o   -c /duckietown/catkin_ws/build/line_detector/CMakeFiles/CMakeTmp/CheckSymbolExists.c
Linking C executable cmTC_417af
/usr/bin/cmake -E cmake_link_script CMakeFiles/cmTC_417af.dir/link.txt --verbose=1
/usr/bin/cc      -rdynamic CMakeFiles/cmTC_417af.dir/CheckSymbolExists.c.o  -o cmTC_417af 
CMakeFiles/cmTC_417af.dir/CheckSymbolExists.c.o: In function `main':
CheckSymbolExists.c:(.text+0x1b): undefined reference to `pthread_create'
collect2: error: ld returned 1 exit status
CMakeFiles/cmTC_417af.dir/build.make:97: recipe for target 'cmTC_417af' failed
make[1]: *** [cmTC_417af] Error 1
make[1]: Leaving directory '/duckietown/catkin_ws/build/line_detector/CMakeFiles/CMakeTmp'
Makefile:126: recipe for target 'cmTC_417af/fast' failed
make: *** [cmTC_417af/fast] Error 2

File /duckietown/catkin_ws/build/line_detector/CMakeFiles/CMakeTmp/CheckSymbolExists.c:
/* */
#include <pthread.h>

int main(int argc, char** argv)
{
  (void)argv;
#ifndef pthread_create
  return ((int*)(&pthread_create))[argc];
#else
  (void)argc;
  return 0;
#endif
}

Determining if the function pthread_create exists in the pthreads failed with the following output:
Change Dir: /duckietown/catkin_ws/build/line_detector/CMakeFiles/CMakeTmp

Run Build Command:"/usr/bin/make" "cmTC_91715/fast"
/usr/bin/make -f CMakeFiles/cmTC_91715.dir/build.make CMakeFiles/cmTC_91715.dir/build
make[1]: Entering directory '/duckietown/catkin_ws/build/line_detector/CMakeFiles/CMakeTmp'
Building C object CMakeFiles/cmTC_91715.dir/CheckFunctionExists.c.o
/usr/bin/cc   -DCHECK_FUNCTION_EXISTS=pthread_create   -o CMakeFiles/cmTC_91715.dir/CheckFunctionExists.c.o   -c /usr/share/cmake-3.10/Modules/CheckFunctionExists.c
Linking C executable cmTC_91715
/usr/bin/cmake -E cmake_link_script CMakeFiles/cmTC_91715.dir/link.txt --verbose=1
/usr/bin/cc  -DCHECK_FUNCTION_EXISTS=pthread_create    -rdynamic CMakeFiles/cmTC_91715.dir/CheckFunctionExists.c.o  -o cmTC_91715 -lpthreads 
/usr/bin/ld: cannot find -lpthreads
collect2: error: ld returned 1 exit status
CMakeFiles/cmTC_91715.dir/build.make:97: recipe for target 'cmTC_91715' failed
make[1]: *** [cmTC_91715] Error 1
make[1]: Leaving directory '/duckietown/catkin_ws/build/line_detector/CMakeFiles/CMakeTmp'
Makefile:126: recipe for target 'cmTC_91715/fast' failed
make: *** [cmTC_91715/fast] Error 2


