Not searching for unused variables given on the command line.
-- The C compiler identification is GNU 7.5.0
-- The CXX compiler identification is GNU 7.5.0
-- Check for working C compiler: /usr/bin/cc
-- Check for working C compiler: /usr/bin/cc -- works
-- Detecting C compiler ABI info
-- Detecting C compiler ABI info - done
-- Detecting C compile features
-- Detecting C compile features - done
-- Check for working CXX compiler: /usr/bin/c++
-- Check for working CXX compiler: /usr/bin/c++ -- works
-- Detecting CXX compiler ABI info
-- Detecting CXX compiler ABI info - done
-- Detecting CXX compile features
-- Detecting CXX compile features - done
-- Using CATKIN_DEVEL_PREFIX: /duckietown/catkin_ws/devel/.private/ground_projection
-- Using CMAKE_PREFIX_PATH: /duckietown/catkin_ws/devel;/opt/ros/melodic
-- This workspace overlays: /duckietown/catkin_ws/devel;/opt/ros/melodic
-- Found PythonInterp: /usr/bin/python2 (found suitable version "2.7.17", minimum required is "2")
-- Using PYTHON_EXECUTABLE: /usr/bin/python2
-- Using Debian Python package layout
-- Using empy: /usr/bin/empy
-- Using CATKIN_ENABLE_TESTING: ON
-- Call enable_testing()
-- Using CATKIN_TEST_RESULTS_DIR: /duckietown/catkin_ws/build/ground_projection/test_results
-- Found gtest sources under '/usr/src/googletest': gtests will be built
-- Found gmock sources under '/usr/src/googletest': gmock will be built
-- Found PythonInterp: /usr/bin/python2 (found version "2.7.17")
-- Looking for pthread.h
-- Looking for pthread.h - found
-- Looking for pthread_create
-- Looking for pthread_create - not found
-- Looking for pthread_create in pthreads
-- Looking for pthread_create in pthreads - not found
-- Looking for pthread_create in pthread
-- Looking for pthread_create in pthread - found
-- Found Threads: TRUE
-- Using Python nosetests: /usr/bin/nosetests-2.7
-- catkin 0.7.23
-- BUILD_SHARED_LIBS is on
-- Using these message generators: gencpp;geneus;genlisp;gennodejs;genpy
CMake Warning at /duckietown/catkin_ws/src/dt-core/packages/ground_projection/CMakeLists.txt:28 (message):
  ROS distribution Melodic Morendia is not supported.  Use at your own risk!


-- Found OpenCV: /usr (found suitable version "3.2.0", minimum required is "3")
-- Boost version: 1.65.1
-- Found the following Boost libraries:
--   filesystem
--   system
-- Found PkgConfig: /usr/bin/pkg-config (found version "0.29.1")
-- Checking for module 'yaml-cpp'
--   Found yaml-cpp, version 0.5.2
-- ground_projection: 0 messages, 3 services
-- Configuring done
-- Generating done
-- Build files have been written to: /duckietown/catkin_ws/build/ground_projection
