[  0%] Built target duckietown_msgs_generate_messages_lisp
[  0%] Built target std_msgs_generate_messages_lisp
[  0%] Built target geometry_msgs_generate_messages_lisp
[  0%] Built target _ground_projection_generate_messages_check_deps_EstimateHomography
[  0%] Built target sensor_msgs_generate_messages_lisp
[  0%] Built target _ground_projection_generate_messages_check_deps_GetGroundCoord
[  0%] Built target duckietown_msgs_generate_messages_eus
[  0%] Built target sensor_msgs_generate_messages_eus
[  0%] Built target std_msgs_generate_messages_eus
[  0%] Built target _ground_projection_generate_messages_check_deps_GetImageCoord
[  0%] Built target geometry_msgs_generate_messages_eus
[  0%] Built target std_msgs_generate_messages_py
[  0%] Built target geometry_msgs_generate_messages_py
[  0%] Built target sensor_msgs_generate_messages_py
[  0%] Built target duckietown_msgs_generate_messages_py
[  0%] Built target sensor_msgs_generate_messages_nodejs
[  0%] Built target geometry_msgs_generate_messages_nodejs
[  0%] Built target duckietown_msgs_generate_messages_nodejs
[  0%] Built target std_msgs_generate_messages_nodejs
[  0%] Built target duckietown_msgs_generate_messages_cpp
[  0%] Built target sensor_msgs_generate_messages_cpp
[  0%] Built target geometry_msgs_generate_messages_cpp
[  0%] Built target std_msgs_generate_messages_cpp
[ 17%] Built target ground_projection_generate_messages_lisp
[ 41%] Built target ground_projection_generate_messages_eus
[ 64%] Built target ground_projection_generate_messages_py
[ 82%] Built target ground_projection_generate_messages_nodejs
[100%] Built target ground_projection_generate_messages_cpp
[100%] Built target ground_projection_generate_messages
