Determining if the pthread_create exist failed with the following output:
Change Dir: /duckietown/catkin_ws/build/duckietown/CMakeFiles/CMakeTmp

Run Build Command:"/usr/bin/make" "cmTC_6efbe/fast"
/usr/bin/make -f CMakeFiles/cmTC_6efbe.dir/build.make CMakeFiles/cmTC_6efbe.dir/build
make[1]: Entering directory '/duckietown/catkin_ws/build/duckietown/CMakeFiles/CMakeTmp'
Building C object CMakeFiles/cmTC_6efbe.dir/CheckSymbolExists.c.o
/usr/bin/cc    -o CMakeFiles/cmTC_6efbe.dir/CheckSymbolExists.c.o   -c /duckietown/catkin_ws/build/duckietown/CMakeFiles/CMakeTmp/CheckSymbolExists.c
Linking C executable cmTC_6efbe
/usr/bin/cmake -E cmake_link_script CMakeFiles/cmTC_6efbe.dir/link.txt --verbose=1
/usr/bin/cc      -rdynamic CMakeFiles/cmTC_6efbe.dir/CheckSymbolExists.c.o  -o cmTC_6efbe 
CMakeFiles/cmTC_6efbe.dir/CheckSymbolExists.c.o: In function `main':
CheckSymbolExists.c:(.text+0x1b): undefined reference to `pthread_create'
collect2: error: ld returned 1 exit status
CMakeFiles/cmTC_6efbe.dir/build.make:97: recipe for target 'cmTC_6efbe' failed
make[1]: *** [cmTC_6efbe] Error 1
make[1]: Leaving directory '/duckietown/catkin_ws/build/duckietown/CMakeFiles/CMakeTmp'
Makefile:126: recipe for target 'cmTC_6efbe/fast' failed
make: *** [cmTC_6efbe/fast] Error 2

File /duckietown/catkin_ws/build/duckietown/CMakeFiles/CMakeTmp/CheckSymbolExists.c:
/* */
#include <pthread.h>

int main(int argc, char** argv)
{
  (void)argv;
#ifndef pthread_create
  return ((int*)(&pthread_create))[argc];
#else
  (void)argc;
  return 0;
#endif
}

Determining if the function pthread_create exists in the pthreads failed with the following output:
Change Dir: /duckietown/catkin_ws/build/duckietown/CMakeFiles/CMakeTmp

Run Build Command:"/usr/bin/make" "cmTC_4e87d/fast"
/usr/bin/make -f CMakeFiles/cmTC_4e87d.dir/build.make CMakeFiles/cmTC_4e87d.dir/build
make[1]: Entering directory '/duckietown/catkin_ws/build/duckietown/CMakeFiles/CMakeTmp'
Building C object CMakeFiles/cmTC_4e87d.dir/CheckFunctionExists.c.o
/usr/bin/cc   -DCHECK_FUNCTION_EXISTS=pthread_create   -o CMakeFiles/cmTC_4e87d.dir/CheckFunctionExists.c.o   -c /usr/share/cmake-3.10/Modules/CheckFunctionExists.c
Linking C executable cmTC_4e87d
/usr/bin/cmake -E cmake_link_script CMakeFiles/cmTC_4e87d.dir/link.txt --verbose=1
/usr/bin/cc  -DCHECK_FUNCTION_EXISTS=pthread_create    -rdynamic CMakeFiles/cmTC_4e87d.dir/CheckFunctionExists.c.o  -o cmTC_4e87d -lpthreads 
/usr/bin/ld: cannot find -lpthreads
collect2: error: ld returned 1 exit status
CMakeFiles/cmTC_4e87d.dir/build.make:97: recipe for target 'cmTC_4e87d' failed
make[1]: *** [cmTC_4e87d] Error 1
make[1]: Leaving directory '/duckietown/catkin_ws/build/duckietown/CMakeFiles/CMakeTmp'
Makefile:126: recipe for target 'cmTC_4e87d/fast' failed
make: *** [cmTC_4e87d/fast] Error 2


