Determining if the pthread_create exist failed with the following output:
Change Dir: /duckietown/catkin_ws/build/easy_node/CMakeFiles/CMakeTmp

Run Build Command:"/usr/bin/make" "cmTC_3a6ed/fast"
/usr/bin/make -f CMakeFiles/cmTC_3a6ed.dir/build.make CMakeFiles/cmTC_3a6ed.dir/build
make[1]: Entering directory '/duckietown/catkin_ws/build/easy_node/CMakeFiles/CMakeTmp'
Building C object CMakeFiles/cmTC_3a6ed.dir/CheckSymbolExists.c.o
/usr/bin/cc    -o CMakeFiles/cmTC_3a6ed.dir/CheckSymbolExists.c.o   -c /duckietown/catkin_ws/build/easy_node/CMakeFiles/CMakeTmp/CheckSymbolExists.c
Linking C executable cmTC_3a6ed
/usr/bin/cmake -E cmake_link_script CMakeFiles/cmTC_3a6ed.dir/link.txt --verbose=1
/usr/bin/cc      -rdynamic CMakeFiles/cmTC_3a6ed.dir/CheckSymbolExists.c.o  -o cmTC_3a6ed 
CMakeFiles/cmTC_3a6ed.dir/CheckSymbolExists.c.o: In function `main':
CheckSymbolExists.c:(.text+0x1b): undefined reference to `pthread_create'
collect2: error: ld returned 1 exit status
CMakeFiles/cmTC_3a6ed.dir/build.make:97: recipe for target 'cmTC_3a6ed' failed
make[1]: *** [cmTC_3a6ed] Error 1
make[1]: Leaving directory '/duckietown/catkin_ws/build/easy_node/CMakeFiles/CMakeTmp'
Makefile:126: recipe for target 'cmTC_3a6ed/fast' failed
make: *** [cmTC_3a6ed/fast] Error 2

File /duckietown/catkin_ws/build/easy_node/CMakeFiles/CMakeTmp/CheckSymbolExists.c:
/* */
#include <pthread.h>

int main(int argc, char** argv)
{
  (void)argv;
#ifndef pthread_create
  return ((int*)(&pthread_create))[argc];
#else
  (void)argc;
  return 0;
#endif
}

Determining if the function pthread_create exists in the pthreads failed with the following output:
Change Dir: /duckietown/catkin_ws/build/easy_node/CMakeFiles/CMakeTmp

Run Build Command:"/usr/bin/make" "cmTC_95653/fast"
/usr/bin/make -f CMakeFiles/cmTC_95653.dir/build.make CMakeFiles/cmTC_95653.dir/build
make[1]: Entering directory '/duckietown/catkin_ws/build/easy_node/CMakeFiles/CMakeTmp'
Building C object CMakeFiles/cmTC_95653.dir/CheckFunctionExists.c.o
/usr/bin/cc   -DCHECK_FUNCTION_EXISTS=pthread_create   -o CMakeFiles/cmTC_95653.dir/CheckFunctionExists.c.o   -c /usr/share/cmake-3.10/Modules/CheckFunctionExists.c
Linking C executable cmTC_95653
/usr/bin/cmake -E cmake_link_script CMakeFiles/cmTC_95653.dir/link.txt --verbose=1
/usr/bin/cc  -DCHECK_FUNCTION_EXISTS=pthread_create    -rdynamic CMakeFiles/cmTC_95653.dir/CheckFunctionExists.c.o  -o cmTC_95653 -lpthreads 
/usr/bin/ld: cannot find -lpthreads
collect2: error: ld returned 1 exit status
CMakeFiles/cmTC_95653.dir/build.make:97: recipe for target 'cmTC_95653' failed
make[1]: *** [cmTC_95653] Error 1
make[1]: Leaving directory '/duckietown/catkin_ws/build/easy_node/CMakeFiles/CMakeTmp'
Makefile:126: recipe for target 'cmTC_95653/fast' failed
make: *** [cmTC_95653/fast] Error 2


