Determining if the pthread_create exist failed with the following output:
Change Dir: /duckietown/catkin_ws/build/duckiebot_visualizer_local/CMakeFiles/CMakeTmp

Run Build Command:"/usr/bin/make" "cmTC_d13fd/fast"
/usr/bin/make -f CMakeFiles/cmTC_d13fd.dir/build.make CMakeFiles/cmTC_d13fd.dir/build
make[1]: Entering directory '/duckietown/catkin_ws/build/duckiebot_visualizer_local/CMakeFiles/CMakeTmp'
Building C object CMakeFiles/cmTC_d13fd.dir/CheckSymbolExists.c.o
/usr/bin/cc    -o CMakeFiles/cmTC_d13fd.dir/CheckSymbolExists.c.o   -c /duckietown/catkin_ws/build/duckiebot_visualizer_local/CMakeFiles/CMakeTmp/CheckSymbolExists.c
Linking C executable cmTC_d13fd
/usr/bin/cmake -E cmake_link_script CMakeFiles/cmTC_d13fd.dir/link.txt --verbose=1
/usr/bin/cc      -rdynamic CMakeFiles/cmTC_d13fd.dir/CheckSymbolExists.c.o  -o cmTC_d13fd 
CMakeFiles/cmTC_d13fd.dir/CheckSymbolExists.c.o: In function `main':
CheckSymbolExists.c:(.text+0x1b): undefined reference to `pthread_create'
collect2: error: ld returned 1 exit status
CMakeFiles/cmTC_d13fd.dir/build.make:97: recipe for target 'cmTC_d13fd' failed
make[1]: *** [cmTC_d13fd] Error 1
make[1]: Leaving directory '/duckietown/catkin_ws/build/duckiebot_visualizer_local/CMakeFiles/CMakeTmp'
Makefile:126: recipe for target 'cmTC_d13fd/fast' failed
make: *** [cmTC_d13fd/fast] Error 2

File /duckietown/catkin_ws/build/duckiebot_visualizer_local/CMakeFiles/CMakeTmp/CheckSymbolExists.c:
/* */
#include <pthread.h>

int main(int argc, char** argv)
{
  (void)argv;
#ifndef pthread_create
  return ((int*)(&pthread_create))[argc];
#else
  (void)argc;
  return 0;
#endif
}

Determining if the function pthread_create exists in the pthreads failed with the following output:
Change Dir: /duckietown/catkin_ws/build/duckiebot_visualizer_local/CMakeFiles/CMakeTmp

Run Build Command:"/usr/bin/make" "cmTC_6745e/fast"
/usr/bin/make -f CMakeFiles/cmTC_6745e.dir/build.make CMakeFiles/cmTC_6745e.dir/build
make[1]: Entering directory '/duckietown/catkin_ws/build/duckiebot_visualizer_local/CMakeFiles/CMakeTmp'
Building C object CMakeFiles/cmTC_6745e.dir/CheckFunctionExists.c.o
/usr/bin/cc   -DCHECK_FUNCTION_EXISTS=pthread_create   -o CMakeFiles/cmTC_6745e.dir/CheckFunctionExists.c.o   -c /usr/share/cmake-3.10/Modules/CheckFunctionExists.c
Linking C executable cmTC_6745e
/usr/bin/cmake -E cmake_link_script CMakeFiles/cmTC_6745e.dir/link.txt --verbose=1
/usr/bin/cc  -DCHECK_FUNCTION_EXISTS=pthread_create    -rdynamic CMakeFiles/cmTC_6745e.dir/CheckFunctionExists.c.o  -o cmTC_6745e -lpthreads 
/usr/bin/ld: cannot find -lpthreads
collect2: error: ld returned 1 exit status
CMakeFiles/cmTC_6745e.dir/build.make:97: recipe for target 'cmTC_6745e' failed
make[1]: *** [cmTC_6745e] Error 1
make[1]: Leaving directory '/duckietown/catkin_ws/build/duckiebot_visualizer_local/CMakeFiles/CMakeTmp'
Makefile:126: recipe for target 'cmTC_6745e/fast' failed
make: *** [cmTC_6745e/fast] Error 2


