Linked: (/duckietown/catkin_ws/devel/.private/apriltags2_ros/share/apriltags2_ros/cmake/apriltags2_ros-msg-paths.cmake, /duckietown/catkin_ws/devel/share/apriltags2_ros/cmake/apriltags2_ros-msg-paths.cmake)
Linked: (/duckietown/catkin_ws/devel/.private/apriltags2_ros/share/apriltags2_ros/cmake/apriltags2_ros-msg-extras.cmake, /duckietown/catkin_ws/devel/share/apriltags2_ros/cmake/apriltags2_ros-msg-extras.cmake)
Linked: (/duckietown/catkin_ws/devel/.private/apriltags2_ros/share/apriltags2_ros/cmake/apriltags2_rosConfig-version.cmake, /duckietown/catkin_ws/devel/share/apriltags2_ros/cmake/apriltags2_rosConfig-version.cmake)
Linked: (/duckietown/catkin_ws/devel/.private/apriltags2_ros/share/apriltags2_ros/cmake/apriltags2_rosConfig.cmake, /duckietown/catkin_ws/devel/share/apriltags2_ros/cmake/apriltags2_rosConfig.cmake)
Linked: (/duckietown/catkin_ws/devel/.private/apriltags2_ros/share/roseus/ros/apriltags2_ros/manifest.l, /duckietown/catkin_ws/devel/share/roseus/ros/apriltags2_ros/manifest.l)
Linked: (/duckietown/catkin_ws/devel/.private/apriltags2_ros/share/roseus/ros/apriltags2_ros/srv/AnalyzeSingleImage.l, /duckietown/catkin_ws/devel/share/roseus/ros/apriltags2_ros/srv/AnalyzeSingleImage.l)
Linked: (/duckietown/catkin_ws/devel/.private/apriltags2_ros/share/roseus/ros/apriltags2_ros/msg/AprilTagDetection.l, /duckietown/catkin_ws/devel/share/roseus/ros/apriltags2_ros/msg/AprilTagDetection.l)
Linked: (/duckietown/catkin_ws/devel/.private/apriltags2_ros/share/roseus/ros/apriltags2_ros/msg/AprilTagDetectionArray.l, /duckietown/catkin_ws/devel/share/roseus/ros/apriltags2_ros/msg/AprilTagDetectionArray.l)
Linked: (/duckietown/catkin_ws/devel/.private/apriltags2_ros/share/common-lisp/ros/apriltags2_ros/srv/_package.lisp, /duckietown/catkin_ws/devel/share/common-lisp/ros/apriltags2_ros/srv/_package.lisp)
Linked: (/duckietown/catkin_ws/devel/.private/apriltags2_ros/share/common-lisp/ros/apriltags2_ros/srv/apriltags2_ros-srv.asd, /duckietown/catkin_ws/devel/share/common-lisp/ros/apriltags2_ros/srv/apriltags2_ros-srv.asd)
Linked: (/duckietown/catkin_ws/devel/.private/apriltags2_ros/share/common-lisp/ros/apriltags2_ros/srv/AnalyzeSingleImage.lisp, /duckietown/catkin_ws/devel/share/common-lisp/ros/apriltags2_ros/srv/AnalyzeSingleImage.lisp)
Linked: (/duckietown/catkin_ws/devel/.private/apriltags2_ros/share/common-lisp/ros/apriltags2_ros/srv/_package_AnalyzeSingleImage.lisp, /duckietown/catkin_ws/devel/share/common-lisp/ros/apriltags2_ros/srv/_package_AnalyzeSingleImage.lisp)
Linked: (/duckietown/catkin_ws/devel/.private/apriltags2_ros/share/common-lisp/ros/apriltags2_ros/msg/_package.lisp, /duckietown/catkin_ws/devel/share/common-lisp/ros/apriltags2_ros/msg/_package.lisp)
Linked: (/duckietown/catkin_ws/devel/.private/apriltags2_ros/share/common-lisp/ros/apriltags2_ros/msg/apriltags2_ros-msg.asd, /duckietown/catkin_ws/devel/share/common-lisp/ros/apriltags2_ros/msg/apriltags2_ros-msg.asd)
Linked: (/duckietown/catkin_ws/devel/.private/apriltags2_ros/share/common-lisp/ros/apriltags2_ros/msg/AprilTagDetectionArray.lisp, /duckietown/catkin_ws/devel/share/common-lisp/ros/apriltags2_ros/msg/AprilTagDetectionArray.lisp)
Linked: (/duckietown/catkin_ws/devel/.private/apriltags2_ros/share/common-lisp/ros/apriltags2_ros/msg/_package_AprilTagDetectionArray.lisp, /duckietown/catkin_ws/devel/share/common-lisp/ros/apriltags2_ros/msg/_package_AprilTagDetectionArray.lisp)
Linked: (/duckietown/catkin_ws/devel/.private/apriltags2_ros/share/common-lisp/ros/apriltags2_ros/msg/AprilTagDetection.lisp, /duckietown/catkin_ws/devel/share/common-lisp/ros/apriltags2_ros/msg/AprilTagDetection.lisp)
Linked: (/duckietown/catkin_ws/devel/.private/apriltags2_ros/share/common-lisp/ros/apriltags2_ros/msg/_package_AprilTagDetection.lisp, /duckietown/catkin_ws/devel/share/common-lisp/ros/apriltags2_ros/msg/_package_AprilTagDetection.lisp)
Linked: (/duckietown/catkin_ws/devel/.private/apriltags2_ros/share/gennodejs/ros/apriltags2_ros/_index.js, /duckietown/catkin_ws/devel/share/gennodejs/ros/apriltags2_ros/_index.js)
Linked: (/duckietown/catkin_ws/devel/.private/apriltags2_ros/share/gennodejs/ros/apriltags2_ros/srv/AnalyzeSingleImage.js, /duckietown/catkin_ws/devel/share/gennodejs/ros/apriltags2_ros/srv/AnalyzeSingleImage.js)
Linked: (/duckietown/catkin_ws/devel/.private/apriltags2_ros/share/gennodejs/ros/apriltags2_ros/srv/_index.js, /duckietown/catkin_ws/devel/share/gennodejs/ros/apriltags2_ros/srv/_index.js)
Linked: (/duckietown/catkin_ws/devel/.private/apriltags2_ros/share/gennodejs/ros/apriltags2_ros/msg/_index.js, /duckietown/catkin_ws/devel/share/gennodejs/ros/apriltags2_ros/msg/_index.js)
Linked: (/duckietown/catkin_ws/devel/.private/apriltags2_ros/share/gennodejs/ros/apriltags2_ros/msg/AprilTagDetectionArray.js, /duckietown/catkin_ws/devel/share/gennodejs/ros/apriltags2_ros/msg/AprilTagDetectionArray.js)
Linked: (/duckietown/catkin_ws/devel/.private/apriltags2_ros/share/gennodejs/ros/apriltags2_ros/msg/AprilTagDetection.js, /duckietown/catkin_ws/devel/share/gennodejs/ros/apriltags2_ros/msg/AprilTagDetection.js)
Linked: (/duckietown/catkin_ws/devel/.private/apriltags2_ros/include/apriltags2_ros/AnalyzeSingleImageResponse.h, /duckietown/catkin_ws/devel/include/apriltags2_ros/AnalyzeSingleImageResponse.h)
Linked: (/duckietown/catkin_ws/devel/.private/apriltags2_ros/include/apriltags2_ros/AnalyzeSingleImageRequest.h, /duckietown/catkin_ws/devel/include/apriltags2_ros/AnalyzeSingleImageRequest.h)
Linked: (/duckietown/catkin_ws/devel/.private/apriltags2_ros/include/apriltags2_ros/AprilTagDetection.h, /duckietown/catkin_ws/devel/include/apriltags2_ros/AprilTagDetection.h)
Linked: (/duckietown/catkin_ws/devel/.private/apriltags2_ros/include/apriltags2_ros/AprilTagDetectionArray.h, /duckietown/catkin_ws/devel/include/apriltags2_ros/AprilTagDetectionArray.h)
Linked: (/duckietown/catkin_ws/devel/.private/apriltags2_ros/include/apriltags2_ros/AnalyzeSingleImage.h, /duckietown/catkin_ws/devel/include/apriltags2_ros/AnalyzeSingleImage.h)
Linked: (/duckietown/catkin_ws/devel/.private/apriltags2_ros/lib/libcommon.so, /duckietown/catkin_ws/devel/lib/libcommon.so)
Linked: (/duckietown/catkin_ws/devel/.private/apriltags2_ros/lib/libcontinuous_detector.so, /duckietown/catkin_ws/devel/lib/libcontinuous_detector.so)
Linked: (/duckietown/catkin_ws/devel/.private/apriltags2_ros/lib/libsingle_image_detector.so, /duckietown/catkin_ws/devel/lib/libsingle_image_detector.so)
Linked: (/duckietown/catkin_ws/devel/.private/apriltags2_ros/lib/pkgconfig/apriltags2_ros.pc, /duckietown/catkin_ws/devel/lib/pkgconfig/apriltags2_ros.pc)
Linked: (/duckietown/catkin_ws/devel/.private/apriltags2_ros/lib/apriltags2_ros/apriltags2_ros_single_image_client_node, /duckietown/catkin_ws/devel/lib/apriltags2_ros/apriltags2_ros_single_image_client_node)
Linked: (/duckietown/catkin_ws/devel/.private/apriltags2_ros/lib/apriltags2_ros/apriltags2_ros_continuous_node, /duckietown/catkin_ws/devel/lib/apriltags2_ros/apriltags2_ros_continuous_node)
Linked: (/duckietown/catkin_ws/devel/.private/apriltags2_ros/lib/apriltags2_ros/apriltags2_ros_single_image_server_node, /duckietown/catkin_ws/devel/lib/apriltags2_ros/apriltags2_ros_single_image_server_node)
Linked: (/duckietown/catkin_ws/devel/.private/apriltags2_ros/lib/python2.7/dist-packages/apriltags2_ros/__init__.py, /duckietown/catkin_ws/devel/lib/python2.7/dist-packages/apriltags2_ros/__init__.py)
Linked: (/duckietown/catkin_ws/devel/.private/apriltags2_ros/lib/python2.7/dist-packages/apriltags2_ros/srv/_AnalyzeSingleImage.py, /duckietown/catkin_ws/devel/lib/python2.7/dist-packages/apriltags2_ros/srv/_AnalyzeSingleImage.py)
Linked: (/duckietown/catkin_ws/devel/.private/apriltags2_ros/lib/python2.7/dist-packages/apriltags2_ros/srv/__init__.py, /duckietown/catkin_ws/devel/lib/python2.7/dist-packages/apriltags2_ros/srv/__init__.py)
Linked: (/duckietown/catkin_ws/devel/.private/apriltags2_ros/lib/python2.7/dist-packages/apriltags2_ros/msg/_AprilTagDetectionArray.py, /duckietown/catkin_ws/devel/lib/python2.7/dist-packages/apriltags2_ros/msg/_AprilTagDetectionArray.py)
Linked: (/duckietown/catkin_ws/devel/.private/apriltags2_ros/lib/python2.7/dist-packages/apriltags2_ros/msg/_AprilTagDetection.py, /duckietown/catkin_ws/devel/lib/python2.7/dist-packages/apriltags2_ros/msg/_AprilTagDetection.py)
Linked: (/duckietown/catkin_ws/devel/.private/apriltags2_ros/lib/python2.7/dist-packages/apriltags2_ros/msg/__init__.py, /duckietown/catkin_ws/devel/lib/python2.7/dist-packages/apriltags2_ros/msg/__init__.py)
