Determining if the pthread_create exist failed with the following output:
Change Dir: /duckietown/catkin_ws/build/ground_projection/CMakeFiles/CMakeTmp

Run Build Command:"/usr/bin/make" "cmTC_651ef/fast"
/usr/bin/make -f CMakeFiles/cmTC_651ef.dir/build.make CMakeFiles/cmTC_651ef.dir/build
make[1]: Entering directory '/duckietown/catkin_ws/build/ground_projection/CMakeFiles/CMakeTmp'
Building C object CMakeFiles/cmTC_651ef.dir/CheckSymbolExists.c.o
/usr/bin/cc    -o CMakeFiles/cmTC_651ef.dir/CheckSymbolExists.c.o   -c /duckietown/catkin_ws/build/ground_projection/CMakeFiles/CMakeTmp/CheckSymbolExists.c
Linking C executable cmTC_651ef
/usr/bin/cmake -E cmake_link_script CMakeFiles/cmTC_651ef.dir/link.txt --verbose=1
/usr/bin/cc      -rdynamic CMakeFiles/cmTC_651ef.dir/CheckSymbolExists.c.o  -o cmTC_651ef 
CMakeFiles/cmTC_651ef.dir/CheckSymbolExists.c.o: In function `main':
CheckSymbolExists.c:(.text+0x1b): undefined reference to `pthread_create'
collect2: error: ld returned 1 exit status
CMakeFiles/cmTC_651ef.dir/build.make:97: recipe for target 'cmTC_651ef' failed
make[1]: *** [cmTC_651ef] Error 1
make[1]: Leaving directory '/duckietown/catkin_ws/build/ground_projection/CMakeFiles/CMakeTmp'
Makefile:126: recipe for target 'cmTC_651ef/fast' failed
make: *** [cmTC_651ef/fast] Error 2

File /duckietown/catkin_ws/build/ground_projection/CMakeFiles/CMakeTmp/CheckSymbolExists.c:
/* */
#include <pthread.h>

int main(int argc, char** argv)
{
  (void)argv;
#ifndef pthread_create
  return ((int*)(&pthread_create))[argc];
#else
  (void)argc;
  return 0;
#endif
}

Determining if the function pthread_create exists in the pthreads failed with the following output:
Change Dir: /duckietown/catkin_ws/build/ground_projection/CMakeFiles/CMakeTmp

Run Build Command:"/usr/bin/make" "cmTC_2e8e9/fast"
/usr/bin/make -f CMakeFiles/cmTC_2e8e9.dir/build.make CMakeFiles/cmTC_2e8e9.dir/build
make[1]: Entering directory '/duckietown/catkin_ws/build/ground_projection/CMakeFiles/CMakeTmp'
Building C object CMakeFiles/cmTC_2e8e9.dir/CheckFunctionExists.c.o
/usr/bin/cc   -DCHECK_FUNCTION_EXISTS=pthread_create   -o CMakeFiles/cmTC_2e8e9.dir/CheckFunctionExists.c.o   -c /usr/share/cmake-3.10/Modules/CheckFunctionExists.c
Linking C executable cmTC_2e8e9
/usr/bin/cmake -E cmake_link_script CMakeFiles/cmTC_2e8e9.dir/link.txt --verbose=1
/usr/bin/cc  -DCHECK_FUNCTION_EXISTS=pthread_create    -rdynamic CMakeFiles/cmTC_2e8e9.dir/CheckFunctionExists.c.o  -o cmTC_2e8e9 -lpthreads 
/usr/bin/ld: cannot find -lpthreads
collect2: error: ld returned 1 exit status
CMakeFiles/cmTC_2e8e9.dir/build.make:97: recipe for target 'cmTC_2e8e9' failed
make[1]: *** [cmTC_2e8e9] Error 1
make[1]: Leaving directory '/duckietown/catkin_ws/build/ground_projection/CMakeFiles/CMakeTmp'
Makefile:126: recipe for target 'cmTC_2e8e9/fast' failed
make: *** [cmTC_2e8e9/fast] Error 2


