Determining if the pthread_create exist failed with the following output:
Change Dir: /duckietown/catkin_ws/build/duckietown_protocols/CMakeFiles/CMakeTmp

Run Build Command:"/usr/bin/make" "cmTC_aed9b/fast"
/usr/bin/make -f CMakeFiles/cmTC_aed9b.dir/build.make CMakeFiles/cmTC_aed9b.dir/build
make[1]: Entering directory '/duckietown/catkin_ws/build/duckietown_protocols/CMakeFiles/CMakeTmp'
Building C object CMakeFiles/cmTC_aed9b.dir/CheckSymbolExists.c.o
/usr/bin/cc    -o CMakeFiles/cmTC_aed9b.dir/CheckSymbolExists.c.o   -c /duckietown/catkin_ws/build/duckietown_protocols/CMakeFiles/CMakeTmp/CheckSymbolExists.c
Linking C executable cmTC_aed9b
/usr/bin/cmake -E cmake_link_script CMakeFiles/cmTC_aed9b.dir/link.txt --verbose=1
/usr/bin/cc      -rdynamic CMakeFiles/cmTC_aed9b.dir/CheckSymbolExists.c.o  -o cmTC_aed9b 
CMakeFiles/cmTC_aed9b.dir/CheckSymbolExists.c.o: In function `main':
CheckSymbolExists.c:(.text+0x1b): undefined reference to `pthread_create'
collect2: error: ld returned 1 exit status
CMakeFiles/cmTC_aed9b.dir/build.make:97: recipe for target 'cmTC_aed9b' failed
make[1]: *** [cmTC_aed9b] Error 1
make[1]: Leaving directory '/duckietown/catkin_ws/build/duckietown_protocols/CMakeFiles/CMakeTmp'
Makefile:126: recipe for target 'cmTC_aed9b/fast' failed
make: *** [cmTC_aed9b/fast] Error 2

File /duckietown/catkin_ws/build/duckietown_protocols/CMakeFiles/CMakeTmp/CheckSymbolExists.c:
/* */
#include <pthread.h>

int main(int argc, char** argv)
{
  (void)argv;
#ifndef pthread_create
  return ((int*)(&pthread_create))[argc];
#else
  (void)argc;
  return 0;
#endif
}

Determining if the function pthread_create exists in the pthreads failed with the following output:
Change Dir: /duckietown/catkin_ws/build/duckietown_protocols/CMakeFiles/CMakeTmp

Run Build Command:"/usr/bin/make" "cmTC_b343d/fast"
/usr/bin/make -f CMakeFiles/cmTC_b343d.dir/build.make CMakeFiles/cmTC_b343d.dir/build
make[1]: Entering directory '/duckietown/catkin_ws/build/duckietown_protocols/CMakeFiles/CMakeTmp'
Building C object CMakeFiles/cmTC_b343d.dir/CheckFunctionExists.c.o
/usr/bin/cc   -DCHECK_FUNCTION_EXISTS=pthread_create   -o CMakeFiles/cmTC_b343d.dir/CheckFunctionExists.c.o   -c /usr/share/cmake-3.10/Modules/CheckFunctionExists.c
Linking C executable cmTC_b343d
/usr/bin/cmake -E cmake_link_script CMakeFiles/cmTC_b343d.dir/link.txt --verbose=1
/usr/bin/cc  -DCHECK_FUNCTION_EXISTS=pthread_create    -rdynamic CMakeFiles/cmTC_b343d.dir/CheckFunctionExists.c.o  -o cmTC_b343d -lpthreads 
/usr/bin/ld: cannot find -lpthreads
collect2: error: ld returned 1 exit status
CMakeFiles/cmTC_b343d.dir/build.make:97: recipe for target 'cmTC_b343d' failed
make[1]: *** [cmTC_b343d] Error 1
make[1]: Leaving directory '/duckietown/catkin_ws/build/duckietown_protocols/CMakeFiles/CMakeTmp'
Makefile:126: recipe for target 'cmTC_b343d/fast' failed
make: *** [cmTC_b343d/fast] Error 2


