Determining if the pthread_create exist failed with the following output:
Change Dir: /duckietown/catkin_ws/build/pure_pursuit/CMakeFiles/CMakeTmp

Run Build Command:"/usr/bin/make" "cmTC_4d722/fast"
/usr/bin/make -f CMakeFiles/cmTC_4d722.dir/build.make CMakeFiles/cmTC_4d722.dir/build
make[1]: Entering directory '/duckietown/catkin_ws/build/pure_pursuit/CMakeFiles/CMakeTmp'
Building C object CMakeFiles/cmTC_4d722.dir/CheckSymbolExists.c.o
/usr/bin/cc    -o CMakeFiles/cmTC_4d722.dir/CheckSymbolExists.c.o   -c /duckietown/catkin_ws/build/pure_pursuit/CMakeFiles/CMakeTmp/CheckSymbolExists.c
Linking C executable cmTC_4d722
/usr/bin/cmake -E cmake_link_script CMakeFiles/cmTC_4d722.dir/link.txt --verbose=1
/usr/bin/cc      -rdynamic CMakeFiles/cmTC_4d722.dir/CheckSymbolExists.c.o  -o cmTC_4d722 
CMakeFiles/cmTC_4d722.dir/CheckSymbolExists.c.o: In function `main':
CheckSymbolExists.c:(.text+0x1b): undefined reference to `pthread_create'
collect2: error: ld returned 1 exit status
CMakeFiles/cmTC_4d722.dir/build.make:97: recipe for target 'cmTC_4d722' failed
make[1]: *** [cmTC_4d722] Error 1
make[1]: Leaving directory '/duckietown/catkin_ws/build/pure_pursuit/CMakeFiles/CMakeTmp'
Makefile:126: recipe for target 'cmTC_4d722/fast' failed
make: *** [cmTC_4d722/fast] Error 2

File /duckietown/catkin_ws/build/pure_pursuit/CMakeFiles/CMakeTmp/CheckSymbolExists.c:
/* */
#include <pthread.h>

int main(int argc, char** argv)
{
  (void)argv;
#ifndef pthread_create
  return ((int*)(&pthread_create))[argc];
#else
  (void)argc;
  return 0;
#endif
}

Determining if the function pthread_create exists in the pthreads failed with the following output:
Change Dir: /duckietown/catkin_ws/build/pure_pursuit/CMakeFiles/CMakeTmp

Run Build Command:"/usr/bin/make" "cmTC_437f8/fast"
/usr/bin/make -f CMakeFiles/cmTC_437f8.dir/build.make CMakeFiles/cmTC_437f8.dir/build
make[1]: Entering directory '/duckietown/catkin_ws/build/pure_pursuit/CMakeFiles/CMakeTmp'
Building C object CMakeFiles/cmTC_437f8.dir/CheckFunctionExists.c.o
/usr/bin/cc   -DCHECK_FUNCTION_EXISTS=pthread_create   -o CMakeFiles/cmTC_437f8.dir/CheckFunctionExists.c.o   -c /usr/share/cmake-3.10/Modules/CheckFunctionExists.c
Linking C executable cmTC_437f8
/usr/bin/cmake -E cmake_link_script CMakeFiles/cmTC_437f8.dir/link.txt --verbose=1
/usr/bin/cc  -DCHECK_FUNCTION_EXISTS=pthread_create    -rdynamic CMakeFiles/cmTC_437f8.dir/CheckFunctionExists.c.o  -o cmTC_437f8 -lpthreads 
/usr/bin/ld: cannot find -lpthreads
collect2: error: ld returned 1 exit status
CMakeFiles/cmTC_437f8.dir/build.make:97: recipe for target 'cmTC_437f8' failed
make[1]: *** [cmTC_437f8] Error 1
make[1]: Leaving directory '/duckietown/catkin_ws/build/pure_pursuit/CMakeFiles/CMakeTmp'
Makefile:126: recipe for target 'cmTC_437f8/fast' failed
make: *** [cmTC_437f8/fast] Error 2


