[  0%] Built target geometry_msgs_generate_messages_cpp
[  0%] Built target duckietown_msgs_generate_messages_cpp
[  0%] Built target sensor_msgs_generate_messages_cpp
[  0%] Built target std_msgs_generate_messages_cpp
[  0%] Built target duckietown_msgs_generate_messages_lisp
[  0%] Built target geometry_msgs_generate_messages_lisp
[  0%] Built target sensor_msgs_generate_messages_lisp
[  0%] Built target std_msgs_generate_messages_lisp
[  0%] Built target geometry_msgs_generate_messages_nodejs
[  0%] Built target sensor_msgs_generate_messages_nodejs
[  0%] Built target std_msgs_generate_messages_nodejs
[  0%] Built target duckietown_msgs_generate_messages_nodejs
[  0%] Built target duckietown_msgs_generate_messages_py
[  0%] Built target geometry_msgs_generate_messages_py
[  0%] Built target sensor_msgs_generate_messages_py
[  0%] Built target std_msgs_generate_messages_py
[  0%] Built target std_msgs_generate_messages_eus
[  0%] Built target duckietown_msgs_generate_messages_eus
[  0%] Built target sensor_msgs_generate_messages_eus
[  0%] Built target geometry_msgs_generate_messages_eus
[  0%] Built target apriltags_ros_generate_messages_cpp
[  0%] Built target apriltags_ros_generate_messages_lisp
[  0%] Built target apriltags_ros_generate_messages_nodejs
[  0%] Built target apriltags_ros_generate_messages_py
[ 14%] Built target apriltags_ros_generate_messages_eus
[ 42%] Built target apriltag_detector
[ 42%] Built target apriltags_ros_generate_messages
[ 71%] Built target apriltag_detector_node
[100%] Built target apriltag_detector_nodelet
