Determining if the pthread_create exist failed with the following output:
Change Dir: /duckietown/catkin_ws/build/duckiebot_visualizer/CMakeFiles/CMakeTmp

Run Build Command:"/usr/bin/make" "cmTC_dc0fb/fast"
/usr/bin/make -f CMakeFiles/cmTC_dc0fb.dir/build.make CMakeFiles/cmTC_dc0fb.dir/build
make[1]: Entering directory '/duckietown/catkin_ws/build/duckiebot_visualizer/CMakeFiles/CMakeTmp'
Building C object CMakeFiles/cmTC_dc0fb.dir/CheckSymbolExists.c.o
/usr/bin/cc    -o CMakeFiles/cmTC_dc0fb.dir/CheckSymbolExists.c.o   -c /duckietown/catkin_ws/build/duckiebot_visualizer/CMakeFiles/CMakeTmp/CheckSymbolExists.c
Linking C executable cmTC_dc0fb
/usr/bin/cmake -E cmake_link_script CMakeFiles/cmTC_dc0fb.dir/link.txt --verbose=1
/usr/bin/cc      -rdynamic CMakeFiles/cmTC_dc0fb.dir/CheckSymbolExists.c.o  -o cmTC_dc0fb 
CMakeFiles/cmTC_dc0fb.dir/CheckSymbolExists.c.o: In function `main':
CheckSymbolExists.c:(.text+0x1b): undefined reference to `pthread_create'
collect2: error: ld returned 1 exit status
CMakeFiles/cmTC_dc0fb.dir/build.make:97: recipe for target 'cmTC_dc0fb' failed
make[1]: *** [cmTC_dc0fb] Error 1
make[1]: Leaving directory '/duckietown/catkin_ws/build/duckiebot_visualizer/CMakeFiles/CMakeTmp'
Makefile:126: recipe for target 'cmTC_dc0fb/fast' failed
make: *** [cmTC_dc0fb/fast] Error 2

File /duckietown/catkin_ws/build/duckiebot_visualizer/CMakeFiles/CMakeTmp/CheckSymbolExists.c:
/* */
#include <pthread.h>

int main(int argc, char** argv)
{
  (void)argv;
#ifndef pthread_create
  return ((int*)(&pthread_create))[argc];
#else
  (void)argc;
  return 0;
#endif
}

Determining if the function pthread_create exists in the pthreads failed with the following output:
Change Dir: /duckietown/catkin_ws/build/duckiebot_visualizer/CMakeFiles/CMakeTmp

Run Build Command:"/usr/bin/make" "cmTC_48e3f/fast"
/usr/bin/make -f CMakeFiles/cmTC_48e3f.dir/build.make CMakeFiles/cmTC_48e3f.dir/build
make[1]: Entering directory '/duckietown/catkin_ws/build/duckiebot_visualizer/CMakeFiles/CMakeTmp'
Building C object CMakeFiles/cmTC_48e3f.dir/CheckFunctionExists.c.o
/usr/bin/cc   -DCHECK_FUNCTION_EXISTS=pthread_create   -o CMakeFiles/cmTC_48e3f.dir/CheckFunctionExists.c.o   -c /usr/share/cmake-3.10/Modules/CheckFunctionExists.c
Linking C executable cmTC_48e3f
/usr/bin/cmake -E cmake_link_script CMakeFiles/cmTC_48e3f.dir/link.txt --verbose=1
/usr/bin/cc  -DCHECK_FUNCTION_EXISTS=pthread_create    -rdynamic CMakeFiles/cmTC_48e3f.dir/CheckFunctionExists.c.o  -o cmTC_48e3f -lpthreads 
/usr/bin/ld: cannot find -lpthreads
collect2: error: ld returned 1 exit status
CMakeFiles/cmTC_48e3f.dir/build.make:97: recipe for target 'cmTC_48e3f' failed
make[1]: *** [cmTC_48e3f] Error 1
make[1]: Leaving directory '/duckietown/catkin_ws/build/duckiebot_visualizer/CMakeFiles/CMakeTmp'
Makefile:126: recipe for target 'cmTC_48e3f/fast' failed
make: *** [cmTC_48e3f/fast] Error 2


